2025-05-26 12:58:53,690 [INFO] 2025-05-26 12:58:53.690506 시각 에어코리아 시도별 실시간 측정정보를 요청합니다.
2025-05-26 12:59:55,897 [INFO] 2025-05-26 12:59:55.897776 시각 에어코리아 시도별 실시간 측정정보를 요청합니다.
2025-05-26 12:59:56,084 [INFO] 20250526 에어코리아 실시간 측정정보 저장 완료
2025-05-26 13:02:28,219 [INFO] 2025-05-26 13:02:28.219267 시각 에어코리아 시도별 실시간 측정정보를 요청합니다.
2025-05-26 13:02:28,396 [INFO] 20250526 에어코리아 실시간 측정정보 저장 완료
2025-05-26 13:02:44,746 [INFO] 2025-05-26 13:02:44.746432 시각 에어코리아 시도별 실시간 측정정보를 요청합니다.
2025-05-26 13:02:44,911 [INFO] 20250526 에어코리아 실시간 측정정보 저장 완료
2025-05-26 13:02:44,911 [INFO] 20250525일 23시 단기예보 - 단기예보조회를 요청합니다.
2025-05-26 13:02:45,009 [INFO] 20250525 23시 단기예보 저장 완료
2025-05-26 13:02:56,718 [INFO] 2025-05-26 13:02:56.718509 시각 에어코리아 시도별 실시간 측정정보를 요청합니다.
2025-05-26 13:02:56,885 [INFO] 20250526 에어코리아 실시간 측정정보 저장 완료
2025-05-26 13:02:56,885 [INFO] 20250525일 23시 단기예보 - 단기예보조회를 요청합니다.
2025-05-26 13:02:56,976 [INFO] 20250525 23시 단기예보 저장 완료
2025-05-26 13:02:56,977 [INFO] 20250526 1200 단기예보 - 초단기실황을 요청합니다.
2025-05-26 13:02:57,053 [INFO] 20250526 1200 초단기실황 저장 완료
2025-05-26 13:03:08,323 [INFO] 2025-05-26 13:03:08.323378 시각 에어코리아 시도별 실시간 측정정보를 요청합니다.
2025-05-26 13:03:08,491 [INFO] 20250526 에어코리아 실시간 측정정보 저장 완료
2025-05-26 13:03:08,491 [INFO] 20250525일 23시 단기예보 - 단기예보조회를 요청합니다.
2025-05-26 13:03:08,656 [INFO] 20250525 23시 단기예보 저장 완료
2025-05-26 13:03:08,657 [INFO] 20250526 1200 단기예보 - 초단기실황을 요청합니다.
2025-05-26 13:03:08,736 [INFO] 20250526 1200 초단기실황 저장 완료
2025-05-26 13:03:08,736 [INFO] 2025052600 기준 자외선지수 정보를 요청합니다.
2025-05-26 13:03:08,810 [INFO] 2025052600 시각의 자외선지수 예보 저장 완료
2025-05-26 13:03:08,845 [INFO] [31m[1mWARNING: This is a development server. Do not use it in a production deployment. Use a production WSGI server instead.[0m
 * Running on http://127.0.0.1:5000
2025-05-26 13:03:08,845 [INFO] [33mPress CTRL+C to quit[0m
2025-05-26 13:03:08,846 [INFO]  * Restarting with stat
2025-05-26 13:03:09,732 [INFO] 2025-05-26 13:03:09.732484 시각 에어코리아 시도별 실시간 측정정보를 요청합니다.
2025-05-26 13:03:09,930 [INFO] 20250526 에어코리아 실시간 측정정보 저장 완료
2025-05-26 13:03:09,930 [INFO] 20250525일 23시 단기예보 - 단기예보조회를 요청합니다.
2025-05-26 13:03:10,023 [INFO] 20250525 23시 단기예보 저장 완료
2025-05-26 13:03:10,024 [INFO] 20250526 1200 단기예보 - 초단기실황을 요청합니다.
2025-05-26 13:03:10,098 [INFO] 20250526 1200 초단기실황 저장 완료
2025-05-26 13:03:10,099 [INFO] 2025052600 기준 자외선지수 정보를 요청합니다.
2025-05-26 13:03:10,145 [INFO] 2025052600 시각의 자외선지수 예보 저장 완료
2025-05-26 13:03:10,174 [WARNING]  * Debugger is active!
2025-05-26 13:03:10,179 [INFO]  * Debugger PIN: 620-261-075
